aSPICE/build/outputs/logs/manifest-merger-release-report.txt
-- Merging decision tree log ---
manifest
ADDED from src\main\AndroidManifest.xml:2:1-136:12
	package
		ADDED from src\main\AndroidManifest.xml:3:5-30
	android:sharedUserId
		ADDED from src\main\AndroidManifest.xml:4:5-46
	android:versionName
		ADDED from src\main\AndroidManifest.xml:7:5-33
		INJECTED from src\main\AndroidManifest.xml
		INJECTED from src\main\AndroidManifest.xml
	android:versionCode
		ADDED from src\main\AndroidManifest.xml:6:5-28
		INJECTED from src\main\AndroidManifest.xml
		INJECTED from src\main\AndroidManifest.xml
	xmlns:android
		ADDED from src\main\AndroidManifest.xml:2:11-69
	android:installLocation
		ADDED from src\main\AndroidManifest.xml:5:5-35
uses-sdk
ADDED from src\main\AndroidManifest.xml:9:5-11:41
MERGED from [com.android.support:multidex:1.0.1] AndroidManifest.xml:18:5-42
MERGED from [com.android.support:appcompat-v7:26.0.0-alpha1] AndroidManifest.xml:21:5-23:78
MERGED from [com.android.support:animated-vector-drawable:26.0.0-alpha1] AndroidManifest.xml:20:5-44
MERGED from [com.android.support:support-vector-drawable:26.0.0-alpha1] AndroidManifest.xml:20:5-44
MERGED from [com.android.support:support-v4:26.0.0-alpha1] AndroidManifest.xml:21:5-23:54
MERGED from [com.android.support:support-media-compat:26.0.0-alpha1] AndroidManifest.xml:21:5-23:63
MERGED from [com.android.support:support-fragment:26.0.0-alpha1] AndroidManifest.xml:21:5-23:60
MERGED from [com.android.support:support-core-ui:26.0.0-alpha1] AndroidManifest.xml:21:5-23:58
MERGED from [com.android.support:support-core-utils:26.0.0-alpha1] AndroidManifest.xml:21:5-23:61
MERGED from [com.android.support:support-compat:26.0.0-alpha1] AndroidManifest.xml:21:5-23:58
MERGED from [com.squareup.leakcanary:leakcanary-android-no-op:1.5.1] AndroidManifest.xml:20:5-44
	tools:overrideLibrary
		ADDED from [com.android.support:appcompat-v7:26.0.0-alpha1] AndroidManifest.xml:23:9-75
	android:targetSdkVersion
		ADDED from src\main\AndroidManifest.xml:11:9-38
		INJECTED from src\main\AndroidManifest.xml
		INJECTED from src\main\AndroidManifest.xml
	android:minSdkVersion
		ADDED from src\main\AndroidManifest.xml:10:9-35
		INJECTED from src\main\AndroidManifest.xml
		INJECTED from src\main\AndroidManifest.xml
uses-permission#android.permission.INTERNET
ADDED from src\main\AndroidManifest.xml:13:5-67
	android:name
		ADDED from src\main\AndroidManifest.xml:13:22-64
uses-permission#android.permission.ACCESS_NETWORK_STATE
ADDED from src\main\AndroidManifest.xml:14:5-79
	android:name
		ADDED from src\main\AndroidManifest.xml:14:22-76
uses-permission#android.permission.WRITE_EXTERNAL_STORAGE
ADDED from src\main\AndroidManifest.xml:15:5-81
	android:name
		ADDED from src\main\AndroidManifest.xml:15:22-78
uses-permission#android.permission.READ_EXTERNAL_STORAGE
ADDED from src\main\AndroidManifest.xml:16:5-80
	android:name
		ADDED from src\main\AndroidManifest.xml:16:22-77
uses-permission#android.hardware.usb.host
ADDED from src\main\AndroidManifest.xml:17:5-65
	android:name
		ADDED from src\main\AndroidManifest.xml:17:22-62
uses-permission#android.hardware.usb.accessory
ADDED from src\main\AndroidManifest.xml:18:5-70
	android:name
		ADDED from src\main\AndroidManifest.xml:18:22-67
uses-feature#android.hardware.touchscreen
ADDED from src\main\AndroidManifest.xml:22:5-24:36
	android:required
		ADDED from src\main\AndroidManifest.xml:24:9-33
	android:name
		ADDED from src\main\AndroidManifest.xml:23:9-52
uses-feature#android.hardware.microphone
ADDED from src\main\AndroidManifest.xml:25:5-27:36
	android:required
		ADDED from src\main\AndroidManifest.xml:27:9-33
	android:name
		ADDED from src\main\AndroidManifest.xml:26:9-51
supports-screens
ADDED from src\main\AndroidManifest.xml:29:5-34:40
	android:largeScreens
		ADDED from src\main\AndroidManifest.xml:31:9-36
	android:smallScreens
		ADDED from src\main\AndroidManifest.xml:33:9-36
	android:normalScreens
		ADDED from src\main\AndroidManifest.xml:32:9-37
	android:xlargeScreens
		ADDED from src\main\AndroidManifest.xml:34:9-37
	android:anyDensity
		ADDED from src\main\AndroidManifest.xml:30:9-34
application
ADDED from src\main\AndroidManifest.xml:37:5-134:19
MERGED from [com.android.support:appcompat-v7:26.0.0-alpha1] AndroidManifest.xml:29:5-20
MERGED from [com.android.support:animated-vector-drawable:26.0.0-alpha1] AndroidManifest.xml:26:5-20
MERGED from [com.android.support:support-vector-drawable:26.0.0-alpha1] AndroidManifest.xml:26:5-20
MERGED from [com.android.support:support-v4:26.0.0-alpha1] AndroidManifest.xml:29:5-20
MERGED from [com.android.support:support-media-compat:26.0.0-alpha1] AndroidManifest.xml:29:5-20
MERGED from [com.android.support:support-fragment:26.0.0-alpha1] AndroidManifest.xml:29:5-20
MERGED from [com.android.support:support-core-ui:26.0.0-alpha1] AndroidManifest.xml:29:5-20
MERGED from [com.android.support:support-core-utils:26.0.0-alpha1] AndroidManifest.xml:29:5-20
MERGED from [com.android.support:support-compat:26.0.0-alpha1] AndroidManifest.xml:29:5-20
	android:label
		ADDED from src\main\AndroidManifest.xml:41:9-41
	android:allowBackup
		ADDED from src\main\AndroidManifest.xml:39:9-36
	android:icon
		ADDED from src\main\AndroidManifest.xml:40:9-38
	android:name
		ADDED from src\main\AndroidManifest.xml:38:9-28
activity#com.jzby.vmwork.GridActivity
ADDED from src\main\AndroidManifest.xml:42:9-50:20
	android:launchMode
		ADDED from src\main\AndroidManifest.xml:44:13-44
	android:windowSoftInputMode
		ADDED from src\main\AndroidManifest.xml:46:13-67
	android:theme
		ADDED from src\main\AndroidManifest.xml:45:13-86
	android:name
		ADDED from src\main\AndroidManifest.xml:43:13-41
intent-filter#android.intent.category.DEFAULT
ADDED from src\main\AndroidManifest.xml:47:13-49:29
category#android.intent.category.DEFAULT
ADDED from src\main\AndroidManifest.xml:48:17-76
	android:name
		ADDED from src\main\AndroidManifest.xml:48:27-73
activity#com.jzby.vmwork.aSPICE
ADDED from src\main\AndroidManifest.xml:51:9-56:70
	android:screenOrientation
		ADDED from src\main\AndroidManifest.xml:54:13-50
	android:windowSoftInputMode
		ADDED from src\main\AndroidManifest.xml:56:13-67
	android:configChanges
		ADDED from src\main\AndroidManifest.xml:53:13-72
	android:theme
		ADDED from src\main\AndroidManifest.xml:55:13-86
	android:name
		ADDED from src\main\AndroidManifest.xml:52:13-35
activity#com.jzby.vmwork.RemoteCanvasActivity
ADDED from src\main\AndroidManifest.xml:57:9-71:20
	android:screenOrientation
		ADDED from src\main\AndroidManifest.xml:61:13-50
	android:launchMode
		ADDED from src\main\AndroidManifest.xml:60:13-44
	android:windowSoftInputMode
		ADDED from src\main\AndroidManifest.xml:63:13-73
	android:configChanges
		ADDED from src\main\AndroidManifest.xml:59:13-72
	android:theme
		ADDED from src\main\AndroidManifest.xml:62:13-86
	android:name
		ADDED from src\main\AndroidManifest.xml:58:13-49
intent-filter#android.intent.action.VIEW+android.intent.category.DEFAULT
ADDED from src\main\AndroidManifest.xml:64:13-70:29
action#android.intent.action.VIEW
ADDED from src\main\AndroidManifest.xml:65:17-69
	android:name
		ADDED from src\main\AndroidManifest.xml:65:25-66
data
ADDED from src\main\AndroidManifest.xml:69:17-48
	android:scheme
		ADDED from src\main\AndroidManifest.xml:69:23-45
activity#com.jzby.vmwork.ConnectionListActivity
ADDED from src\main\AndroidManifest.xml:72:9-82:20
	android:label
		ADDED from src\main\AndroidManifest.xml:74:13-51
	android:windowSoftInputMode
		ADDED from src\main\AndroidManifest.xml:76:13-67
	android:theme
		ADDED from src\main\AndroidManifest.xml:75:13-63
	android:name
		ADDED from src\main\AndroidManifest.xml:73:13-51
intent-filter#android.intent.action.CREATE_SHORTCUT+android.intent.category.DEFAULT
ADDED from src\main\AndroidManifest.xml:77:13-81:29
action#android.intent.action.CREATE_SHORTCUT
ADDED from src\main\AndroidManifest.xml:78:17-80
	android:name
		ADDED from src\main\AndroidManifest.xml:78:25-77
activity#com.jzby.vmwork.videoActivity
ADDED from src\main\AndroidManifest.xml:83:9-88:20
	android:name
		ADDED from src\main\AndroidManifest.xml:83:19-48
intent-filter#android.intent.category.DEFAULT+videoPlayer
ADDED from src\main\AndroidManifest.xml:84:13-87:29
action#videoPlayer
ADDED from src\main\AndroidManifest.xml:85:17-53
	android:name
		ADDED from src\main\AndroidManifest.xml:85:25-51
uses-library#com.sec.android.app.multiwindow
ADDED from src\main\AndroidManifest.xml:90:9-92:40
	android:required
		ADDED from src\main\AndroidManifest.xml:92:13-37
	android:name
		ADDED from src\main\AndroidManifest.xml:91:13-59
meta-data#com.sec.android.support.multiwindow
ADDED from src\main\AndroidManifest.xml:94:9-96:36
	android:value
		ADDED from src\main\AndroidManifest.xml:96:13-33
	android:name
		ADDED from src\main\AndroidManifest.xml:95:13-63
meta-data#com.sec.android.multiwindow.DEFAULT_SIZE_W
ADDED from src\main\AndroidManifest.xml:97:9-99:59
	android:resource
		ADDED from src\main\AndroidManifest.xml:99:13-56
	android:name
		ADDED from src\main\AndroidManifest.xml:98:13-70
meta-data#com.sec.android.multiwindow.DEFAULT_SIZE_H
ADDED from src\main\AndroidManifest.xml:100:9-102:59
	android:resource
		ADDED from src\main\AndroidManifest.xml:102:13-56
	android:name
		ADDED from src\main\AndroidManifest.xml:101:13-70
meta-data#com.sec.android.multiwindow.MINIMUM_SIZE_W
ADDED from src\main\AndroidManifest.xml:103:9-105:59
	android:resource
		ADDED from src\main\AndroidManifest.xml:105:13-56
	android:name
		ADDED from src\main\AndroidManifest.xml:104:13-70
meta-data#com.sec.android.multiwindow.MINIMUM_SIZE_H
ADDED from src\main\AndroidManifest.xml:106:9-108:59
	android:resource
		ADDED from src\main\AndroidManifest.xml:108:13-56
	android:name
		ADDED from src\main\AndroidManifest.xml:107:13-70
meta-data#server_ca_path
ADDED from src\main\AndroidManifest.xml:109:9-111:54
	android:value
		ADDED from src\main\AndroidManifest.xml:111:13-51
	android:name
		ADDED from src\main\AndroidManifest.xml:110:13-42
meta-data#server_ca_password
ADDED from src\main\AndroidManifest.xml:112:9-114:43
	android:value
		ADDED from src\main\AndroidManifest.xml:114:13-40
	android:name
		ADDED from src\main\AndroidManifest.xml:113:13-46
meta-data#server_ca_subject
ADDED from src\main\AndroidManifest.xml:115:9-117:69
	android:value
		ADDED from src\main\AndroidManifest.xml:117:13-66
	android:name
		ADDED from src\main\AndroidManifest.xml:116:13-45
activity#com.jzby.vmwork.LoginActivity
ADDED from src\main\AndroidManifest.xml:119:9-129:20
	android:launchMode
		ADDED from src\main\AndroidManifest.xml:121:13-44
	android:windowSoftInputMode
		ADDED from src\main\AndroidManifest.xml:123:13-64
	android:theme
		ADDED from src\main\AndroidManifest.xml:122:13-83
	android:name
		ADDED from src\main\AndroidManifest.xml:120:13-42
intent-filter#android.intent.action.MAIN+android.intent.category.LAUNCHER
ADDED from src\main\AndroidManifest.xml:124:13-128:29
action#android.intent.action.MAIN
ADDED from src\main\AndroidManifest.xml:125:17-69
	android:name
		ADDED from src\main\AndroidManifest.xml:125:25-66
category#android.intent.category.LAUNCHER
ADDED from src\main\AndroidManifest.xml:127:17-77
	android:name
		ADDED from src\main\AndroidManifest.xml:127:27-74
activity#com.jzby.vmwork.ChangePwdActivity
ADDED from src\main\AndroidManifest.xml:130:9-133:25
	android:windowSoftInputMode
		ADDED from src\main\AndroidManifest.xml:132:13-64
	android:theme
		ADDED from src\main\AndroidManifest.xml:131:13-83
	android:name
		ADDED from src\main\AndroidManifest.xml:130:19-52
meta-data#android.support.VERSION
ADDED from [com.android.support:appcompat-v7:26.0.0-alpha1] AndroidManifest.xml:25:5-27:41
MERGED from [com.android.support:animated-vector-drawable:26.0.0-alpha1] AndroidManifest.xml:22:5-24:41
MERGED from [com.android.support:support-vector-drawable:26.0.0-alpha1] AndroidManifest.xml:22:5-24:41
MERGED from [com.android.support:support-v4:26.0.0-alpha1] AndroidManifest.xml:25:5-27:41
MERGED from [com.android.support:support-media-compat:26.0.0-alpha1] AndroidManifest.xml:25:5-27:41
MERGED from [com.android.support:support-fragment:26.0.0-alpha1] AndroidManifest.xml:25:5-27:41
MERGED from [com.android.support:support-core-ui:26.0.0-alpha1] AndroidManifest.xml:25:5-27:41
MERGED from [com.android.support:support-core-utils:26.0.0-alpha1] AndroidManifest.xml:25:5-27:41
MERGED from [com.android.support:support-compat:26.0.0-alpha1] AndroidManifest.xml:25:5-27:41
	android:value
		ADDED from [com.android.support:appcompat-v7:26.0.0-alpha1] AndroidManifest.xml:27:9-38
	android:name
		ADDED from [com.android.support:appcompat-v7:26.0.0-alpha1] AndroidManifest.xml:26:9-47